::1 - - [11/Jan/2022:18:43:13 +0000] "POST /api/auth/signup HTTP/1.1" 400 34 "-" "PostmanRuntime/7.28.4"
::1 - - [11/Jan/2022:18:43:37 +0000] "POST /api/auth/signup HTTP/1.1" 409 32 "-" "PostmanRuntime/7.28.4"
::1 - - [11/Jan/2022:18:44:05 +0000] "POST /api/auth/signup HTTP/1.1" 409 32 "-" "PostmanRuntime/7.28.4"
::1 - - [11/Jan/2022:18:44:20 +0000] "POST /api/auth/signup HTTP/1.1" 201 55 "-" "PostmanRuntime/7.28.4"
::1 - - [11/Jan/2022:18:45:21 +0000] "POST /api/auth/login HTTP/1.1" 401 40 "-" "PostmanRuntime/7.28.4"
::1 - - [11/Jan/2022:18:45:30 +0000] "POST /api/auth/login HTTP/1.1" 400 38 "-" "PostmanRuntime/7.28.4"
::1 - - [16/Jan/2022:13:00:17 +0000] "POST /routes/api/contacts HTTP/1.1" 404 23 "-" "PostmanRuntime/7.28.4"
::1 - - [16/Jan/2022:13:00:45 +0000] "POST /routes/api/contacts HTTP/1.1" 404 23 "-" "PostmanRuntime/7.28.4"
::1 - - [16/Jan/2022:13:01:25 +0000] "POST /routes/api/contacts HTTP/1.1" 404 23 "-" "PostmanRuntime/7.28.4"
::1 - - [16/Jan/2022:13:01:31 +0000] "POST /routes/api/contacts HTTP/1.1" 404 23 "-" "PostmanRuntime/7.28.4"
::1 - - [16/Jan/2022:13:04:11 +0000] "POST /api/contacts HTTP/1.1" 401 28 "-" "PostmanRuntime/7.28.4"
::1 - - [16/Jan/2022:13:04:43 +0000] "POST /api/contacts HTTP/1.1" 401 28 "-" "PostmanRuntime/7.28.4"
::1 - - [16/Jan/2022:13:04:45 +0000] "POST /api/contacts HTTP/1.1" 401 28 "-" "PostmanRuntime/7.28.4"
::1 - - [16/Jan/2022:13:04:56 +0000] "POST /routes/api/contacts HTTP/1.1" 404 23 "-" "PostmanRuntime/7.28.4"
::1 - - [16/Jan/2022:13:06:01 +0000] "POST /routes/api/users HTTP/1.1" 404 23 "-" "PostmanRuntime/7.28.4"
::1 - - [16/Jan/2022:13:06:07 +0000] "POST /routes/api/users HTTP/1.1" 404 23 "-" "PostmanRuntime/7.28.4"
::1 - - [16/Jan/2022:13:07:04 +0000] "POST /routes/api/users HTTP/1.1" 404 23 "-" "PostmanRuntime/7.28.4"
::1 - - [16/Jan/2022:13:07:06 +0000] "POST /routes/api/users HTTP/1.1" 404 23 "-" "PostmanRuntime/7.28.4"
::1 - - [16/Jan/2022:13:07:35 +0000] "POST /routes/api/users HTTP/1.1" 404 23 "-" "PostmanRuntime/7.28.4"
::1 - - [16/Jan/2022:13:07:39 +0000] "GET /routes/api/users HTTP/1.1" 404 23 "-" "PostmanRuntime/7.28.4"
::1 - - [16/Jan/2022:13:07:42 +0000] "GET /routes/api/users HTTP/1.1" 404 23 "-" "PostmanRuntime/7.28.4"
::1 - - [16/Jan/2022:13:08:18 +0000] "POST /routes/api/users HTTP/1.1" 404 23 "-" "PostmanRuntime/7.28.4"
::1 - - [16/Jan/2022:13:14:07 +0000] "GET /routes/api/users/logout?61d74000567f873b1f1091cc HTTP/1.1" 404 23 "-" "PostmanRuntime/7.28.4"
::1 - - [16/Jan/2022:13:14:46 +0000] "GET /routes/api/users/logout?&_id=61d74000567f873b1f1091cc HTTP/1.1" 404 23 "-" "PostmanRuntime/7.28.4"
::1 - - [16/Jan/2022:13:15:33 +0000] "POST /routes/api/users/logout HTTP/1.1" 404 23 "-" "PostmanRuntime/7.28.4"
::1 - - [16/Jan/2022:13:15:35 +0000] "POST /routes/api/users/logout HTTP/1.1" 404 23 "-" "PostmanRuntime/7.28.4"
::1 - - [16/Jan/2022:13:19:42 +0000] "POST /routes/api/auth/signup HTTP/1.1" 404 23 "-" "PostmanRuntime/7.28.4"
::1 - - [16/Jan/2022:13:19:44 +0000] "POST /routes/api/auth/signup HTTP/1.1" 404 23 "-" "PostmanRuntime/7.28.4"
::1 - - [16/Jan/2022:13:20:20 +0000] "POST /routes/api/auth/signup HTTP/1.1" 404 23 "-" "PostmanRuntime/7.28.4"
::1 - - [16/Jan/2022:13:20:49 +0000] "POST /routes/api/auth/signup HTTP/1.1" 404 23 "-" "PostmanRuntime/7.28.4"
::1 - - [16/Jan/2022:13:20:52 +0000] "POST /routes/api/auth/signup HTTP/1.1" 404 23 "-" "PostmanRuntime/7.28.4"
::1 - - [16/Jan/2022:13:21:14 +0000] "POST /routes/api/auth/signup HTTP/1.1" 400 54 "-" "PostmanRuntime/7.28.4"
::1 - - [16/Jan/2022:13:21:24 +0000] "POST /routes/api/auth/signup HTTP/1.1" 404 23 "-" "PostmanRuntime/7.28.4"
::1 - - [16/Jan/2022:13:22:50 +0000] "POST /routes/api/auth/signup HTTP/1.1" 400 55 "-" "PostmanRuntime/7.28.4"
::1 - - [16/Jan/2022:13:23:21 +0000] "POST /routes/api/auth/signup HTTP/1.1" 400 55 "-" "PostmanRuntime/7.28.4"
::1 - - [16/Jan/2022:13:23:24 +0000] "POST /routes/api/auth/signup HTTP/1.1" 400 55 "-" "PostmanRuntime/7.28.4"
::1 - - [16/Jan/2022:13:23:50 +0000] "POST /routes/api/auth/signup HTTP/1.1" 404 23 "-" "PostmanRuntime/7.28.4"
::1 - - [16/Jan/2022:13:23:53 +0000] "POST /routes/api/auth/signup HTTP/1.1" 404 23 "-" "PostmanRuntime/7.28.4"
::1 - - [16/Jan/2022:13:24:08 +0000] "POST /routes/api/auth/signup HTTP/1.1" 404 23 "-" "PostmanRuntime/7.28.4"
::1 - - [16/Jan/2022:13:24:09 +0000] "POST /routes/api/auth/signup HTTP/1.1" 404 23 "-" "PostmanRuntime/7.28.4"
::1 - - [16/Jan/2022:13:26:18 +0000] "POST /routes/api/auth/signup HTTP/1.1" 404 23 "-" "PostmanRuntime/7.28.4"
::1 - - [16/Jan/2022:13:27:03 +0000] "POST /routes/api/auth/signup HTTP/1.1" 404 23 "-" "PostmanRuntime/7.28.4"
::1 - - [16/Jan/2022:13:27:05 +0000] "POST /routes/api/auth/signup HTTP/1.1" 404 23 "-" "PostmanRuntime/7.28.4"
::1 - - [16/Jan/2022:13:27:17 +0000] "POST /routes/api/auth/login HTTP/1.1" 404 23 "-" "PostmanRuntime/7.28.4"
::1 - - [16/Jan/2022:13:27:18 +0000] "POST /routes/api/auth/login HTTP/1.1" 404 23 "-" "PostmanRuntime/7.28.4"
::1 - - [16/Jan/2022:13:27:24 +0000] "POST /routes/api/auth/login HTTP/1.1" 404 23 "-" "PostmanRuntime/7.28.4"
::1 - - [16/Jan/2022:13:27:44 +0000] "POST /routes/api/auth/login HTTP/1.1" 400 55 "-" "PostmanRuntime/7.28.4"
::1 - - [16/Jan/2022:13:27:49 +0000] "POST /routes/api/auth/login HTTP/1.1" 404 23 "-" "PostmanRuntime/7.28.4"
::1 - - [16/Jan/2022:13:27:51 +0000] "POST /routes/api/auth/login HTTP/1.1" 404 23 "-" "PostmanRuntime/7.28.4"
::1 - - [16/Jan/2022:13:27:51 +0000] "POST /routes/api/auth/login HTTP/1.1" 404 23 "-" "PostmanRuntime/7.28.4"
::1 - - [16/Jan/2022:13:28:14 +0000] "POST /api/auth/login HTTP/1.1" 400 38 "-" "PostmanRuntime/7.28.4"
::1 - - [16/Jan/2022:13:28:36 +0000] "POST /api/auth/login HTTP/1.1" 401 40 "-" "PostmanRuntime/7.28.4"
::1 - - [16/Jan/2022:13:28:50 +0000] "POST /api/auth/login HTTP/1.1" 401 40 "-" "PostmanRuntime/7.28.4"
::1 - - [16/Jan/2022:13:29:21 +0000] "POST /api/auth/login HTTP/1.1" 401 40 "-" "PostmanRuntime/7.28.4"
::1 - - [16/Jan/2022:13:29:59 +0000] "POST /api/auth/login HTTP/1.1" 401 40 "-" "PostmanRuntime/7.28.4"
::1 - - [16/Jan/2022:13:30:13 +0000] "POST /api/auth/login HTTP/1.1" 401 40 "-" "PostmanRuntime/7.28.4"
::1 - - [16/Jan/2022:13:30:58 +0000] "POST /api/auth/login HTTP/1.1" 401 40 "-" "PostmanRuntime/7.28.4"
::1 - - [16/Jan/2022:13:31:01 +0000] "POST /api/auth/login HTTP/1.1" 401 40 "-" "PostmanRuntime/7.28.4"
::1 - - [16/Jan/2022:13:31:27 +0000] "POST /api/auth/login HTTP/1.1" 401 40 "-" "PostmanRuntime/7.28.4"
::1 - - [16/Jan/2022:13:32:07 +0000] "POST /api/auth/login HTTP/1.1" 401 40 "-" "PostmanRuntime/7.28.4"
::1 - - [16/Jan/2022:13:32:16 +0000] "POST /api/auth/login HTTP/1.1" 401 40 "-" "PostmanRuntime/7.28.4"
::1 - - [16/Jan/2022:13:33:11 +0000] "POST /api/auth/login HTTP/1.1" 400 54 "-" "PostmanRuntime/7.28.4"
::1 - - [16/Jan/2022:13:33:19 +0000] "POST /api/auth/login HTTP/1.1" 400 37 "-" "PostmanRuntime/7.28.4"
::1 - - [16/Jan/2022:13:34:47 +0000] "POST /api/auth/login HTTP/1.1" 400 38 "-" "PostmanRuntime/7.28.4"
::1 - - [16/Jan/2022:13:35:09 +0000] "POST /api/auth/login HTTP/1.1" 400 45 "-" "PostmanRuntime/7.28.4"
::1 - - [16/Jan/2022:13:35:15 +0000] "POST /api/auth/login HTTP/1.1" 401 40 "-" "PostmanRuntime/7.28.4"
::1 - - [16/Jan/2022:13:35:22 +0000] "POST /api/auth/login HTTP/1.1" 400 43 "-" "PostmanRuntime/7.28.4"
::1 - - [16/Jan/2022:13:35:50 +0000] "POST /api/auth/login HTTP/1.1" 401 40 "-" "PostmanRuntime/7.28.4"
::1 - - [16/Jan/2022:13:35:56 +0000] "POST /api/auth/login HTTP/1.1" 401 40 "-" "PostmanRuntime/7.28.4"
::1 - - [16/Jan/2022:13:35:58 +0000] "POST /api/auth/login HTTP/1.1" 401 40 "-" "PostmanRuntime/7.28.4"
::1 - - [16/Jan/2022:13:36:11 +0000] "POST /api/auth/login HTTP/1.1" 401 40 "-" "PostmanRuntime/7.28.4"
::1 - - [16/Jan/2022:13:36:18 +0000] "POST /api/auth/login HTTP/1.1" 401 40 "-" "PostmanRuntime/7.28.4"
::1 - - [16/Jan/2022:13:36:22 +0000] "POST /api/auth/login HTTP/1.1" 401 40 "-" "PostmanRuntime/7.28.4"
::1 - - [16/Jan/2022:13:36:28 +0000] "POST /api/auth/login HTTP/1.1" 401 40 "-" "PostmanRuntime/7.28.4"
::1 - - [16/Jan/2022:13:36:31 +0000] "POST /api/auth/login HTTP/1.1" 401 40 "-" "PostmanRuntime/7.28.4"
::1 - - [16/Jan/2022:13:36:33 +0000] "POST /api/auth/login HTTP/1.1" 401 40 "-" "PostmanRuntime/7.28.4"
::1 - - [16/Jan/2022:13:36:36 +0000] "POST /api/auth/login HTTP/1.1" 400 68 "-" "PostmanRuntime/7.28.4"
::1 - - [16/Jan/2022:13:36:44 +0000] "POST /api/auth/login HTTP/1.1" 401 40 "-" "PostmanRuntime/7.28.4"
::1 - - [16/Jan/2022:13:37:41 +0000] "POST /api/auth/login HTTP/1.1" 401 40 "-" "PostmanRuntime/7.28.4"
::1 - - [16/Jan/2022:13:38:54 +0000] "POST /api/auth/login HTTP/1.1" 400 35 "-" "PostmanRuntime/7.28.4"
::1 - - [16/Jan/2022:13:39:11 +0000] "POST /api/auth/login HTTP/1.1" 400 35 "-" "PostmanRuntime/7.28.4"
::1 - - [16/Jan/2022:13:39:12 +0000] "POST /api/auth/login HTTP/1.1" 400 35 "-" "PostmanRuntime/7.28.4"
::1 - - [16/Jan/2022:13:39:20 +0000] "POST /api/auth/login HTTP/1.1" 400 35 "-" "PostmanRuntime/7.28.4"
::1 - - [16/Jan/2022:13:39:40 +0000] "POST /api/auth/login HTTP/1.1" 400 55 "-" "PostmanRuntime/7.28.4"
::1 - - [16/Jan/2022:13:39:51 +0000] "POST /api/auth/login HTTP/1.1" 400 55 "-" "PostmanRuntime/7.28.4"
::1 - - [16/Jan/2022:13:40:03 +0000] "POST /api/auth/login HTTP/1.1" 401 40 "-" "PostmanRuntime/7.28.4"
::1 - - [16/Jan/2022:13:40:25 +0000] "POST /api/auth/signup HTTP/1.1" 400 34 "-" "PostmanRuntime/7.28.4"
::1 - - [16/Jan/2022:13:40:44 +0000] "POST /api/auth/signup HTTP/1.1" 201 54 "-" "PostmanRuntime/7.28.4"
::1 - - [16/Jan/2022:13:41:31 +0000] "POST /api/auth/login HTTP/1.1" 400 37 "-" "PostmanRuntime/7.28.4"
::1 - - [16/Jan/2022:13:41:39 +0000] "POST /api/auth/login HTTP/1.1" 200 245 "-" "PostmanRuntime/7.28.4"
::1 - - [16/Jan/2022:13:45:38 +0000] "POST /api/auth/login HTTP/1.1" 200 245 "-" "PostmanRuntime/7.28.4"
::1 - - [16/Jan/2022:14:53:29 +0000] "POST /api/contacts HTTP/1.1" 401 28 "-" "PostmanRuntime/7.28.4"
::1 - - [16/Jan/2022:14:54:04 +0000] "POST /api/contacts HTTP/1.1" 401 28 "-" "PostmanRuntime/7.28.4"
::1 - - [16/Jan/2022:14:54:06 +0000] "POST /api/contacts HTTP/1.1" 401 28 "-" "PostmanRuntime/7.28.4"
::1 - - [16/Jan/2022:14:55:42 +0000] "POST /api/contacts HTTP/1.1" 401 28 "-" "PostmanRuntime/7.28.4"
::1 - - [16/Jan/2022:14:57:05 +0000] "POST /api/contacts HTTP/1.1" 401 28 "-" "PostmanRuntime/7.28.4"
::1 - - [16/Jan/2022:14:57:10 +0000] "POST /api/contacts HTTP/1.1" 401 28 "-" "PostmanRuntime/7.28.4"
::1 - - [16/Jan/2022:14:57:40 +0000] "POST /api/contacts HTTP/1.1" 401 28 "-" "PostmanRuntime/7.28.4"
::1 - - [16/Jan/2022:14:57:42 +0000] "POST /api/contacts HTTP/1.1" 401 28 "-" "PostmanRuntime/7.28.4"
::1 - - [16/Jan/2022:14:58:59 +0000] "POST /api/contacts HTTP/1.1" 401 28 "-" "PostmanRuntime/7.28.4"
::1 - - [16/Jan/2022:14:59:49 +0000] "POST /api/auth/signup HTTP/1.1" 400 38 "-" "PostmanRuntime/7.28.4"
::1 - - [16/Jan/2022:15:00:07 +0000] "POST /api/auth/signup HTTP/1.1" 201 58 "-" "PostmanRuntime/7.28.4"
::1 - - [16/Jan/2022:15:01:46 +0000] "POST /api/auth/login HTTP/1.1" 400 37 "-" "PostmanRuntime/7.28.4"
::1 - - [16/Jan/2022:15:01:54 +0000] "POST /api/auth/login HTTP/1.1" 200 245 "-" "PostmanRuntime/7.28.4"
::1 - - [16/Jan/2022:15:04:59 +0000] "POST /api/auth/signup HTTP/1.1" 409 32 "-" "PostmanRuntime/7.28.4"
::1 - - [16/Jan/2022:15:05:21 +0000] "POST /api/auth/signup HTTP/1.1" 201 60 "-" "PostmanRuntime/7.28.4"
::1 - - [16/Jan/2022:15:32:54 +0000] "GET /api/users/current HTTP/1.1" 200 63 "-" "PostmanRuntime/7.28.4"
::1 - - [16/Jan/2022:15:46:37 +0000] "GET /api/users/logout HTTP/1.1" 204 - "-" "PostmanRuntime/7.28.4"
